==46601== Memcheck, a memory error detector
==46601== Copyright (C) 2002-2022, and GNU GPL'd, by Julian Seward et al.
==46601== Using Valgrind-3.21.0.GIT-lbmacos and LibVEX; rerun with -h for copyright info
==46601== Command: ./philo 4 310 200 200
==46601== Parent PID: 42551
==46601== 
--46601-- run: /usr/bin/dsymutil "./philo"
==46601== 
==46601== HEAP SUMMARY:
==46601==     in use at exit: 24,607 bytes in 175 blocks
==46601==   total heap usage: 196 allocs, 21 frees, 33,055 bytes allocated
==46601== 
==46601== LEAK SUMMARY:
==46601==    definitely lost: 0 bytes in 0 blocks
==46601==    indirectly lost: 0 bytes in 0 blocks
==46601==      possibly lost: 8,840 bytes in 7 blocks
==46601==    still reachable: 15,767 bytes in 168 blocks
==46601==         suppressed: 0 bytes in 0 blocks
==46601== Rerun with --leak-check=full to see details of leaked memory
==46601== 
==46601== For lists of detected and suppressed errors, rerun with: -s
==46601== ERROR SUMMARY: 0 errors from 0 contexts (suppressed: 398 from 10)
