==41157== Memcheck, a memory error detector
==41157== Copyright (C) 2002-2022, and GNU GPL'd, by Julian Seward et al.
==41157== Using Valgrind-3.21.0.GIT-lbmacos and LibVEX; rerun with -h for copyright info
==41157== Command: ./philo 4 310 200 200
==41157== Parent PID: 25143
==41157== 
==41157== Invalid read of size 4
==41157==    at 0x100001C00: free_memory (alloc_utils.c:63)
==41157==    by 0x100000DC2: philosophers (philo.c:126)
==41157==    by 0x100000D21: main (philo.c:133)
==41157==  Address 0x10100ae30 is 0 bytes inside a block of size 256 free'd
==41157==    at 0x1000D8D6D: free (in /goinfre/reben-ha/homebrew/Cellar/valgrind/HEAD-73c9e41/libexec/valgrind/vgpreload_memcheck-amd64-darwin.so)
==41157==    by 0x100001BFB: free_memory (alloc_utils.c:62)
==41157==    by 0x100000DC2: philosophers (philo.c:126)
==41157==    by 0x100000D21: main (philo.c:133)
==41157==  Block was alloc'd at
==41157==    at 0x1000D8995: malloc (in /goinfre/reben-ha/homebrew/Cellar/valgrind/HEAD-73c9e41/libexec/valgrind/vgpreload_memcheck-amd64-darwin.so)
==41157==    by 0x100001A88: new_node (alloc_utils.c:19)
==41157==    by 0x1000012AA: init (parsing.c:92)
==41157==    by 0x100000D92: philosophers (philo.c:122)
==41157==    by 0x100000D21: main (philo.c:133)
==41157== 
==41157== 
==41157== HEAP SUMMARY:
==41157==     in use at exit: 23,423 bytes in 169 blocks
==41157==   total heap usage: 196 allocs, 27 frees, 33,055 bytes allocated
==41157== 
==41157== LEAK SUMMARY:
==41157==    definitely lost: 0 bytes in 0 blocks
==41157==    indirectly lost: 0 bytes in 0 blocks
==41157==      possibly lost: 8,840 bytes in 7 blocks
==41157==    still reachable: 14,583 bytes in 162 blocks
==41157==         suppressed: 0 bytes in 0 blocks
==41157== Rerun with --leak-check=full to see details of leaked memory
==41157== 
==41157== For lists of detected and suppressed errors, rerun with: -s
==41157== ERROR SUMMARY: 1 errors from 1 contexts (suppressed: 398 from 10)
